C51 COMPILER V9.00   宏晶模_串口                                                          06/19/2019 22:37:33 PAGE 1   


C51 COMPILER V9.00, COMPILATION OF MODULE 宏晶模_串口
OBJECT MODULE PLACED IN 宏晶模拟串口.OBJ
COMPILER INVOKED BY: C:\Keil\C51\BIN\C51.EXE 宏晶模拟串口.c OPTIMIZE(0,SPEED) BROWSE DEBUG OBJECTEXTEND

line level    source

   1          
   2          
   3          /*------------------------------------------------------------------*/
   4          /* --- STC MCU International Limited -------------------------------*/
   5          /* --- STC 1T Series MCU RC Demo -----------------------------------*/
   6          /* --- Mobile: (86)13922805190 -------------------------------------*/
   7          /* --- Fax: 86-0513-55012956,55012947,55012969 ---------------------*/
   8          /* --- Tel: 86-0513-55012928,55012929,55012966 ---------------------*/
   9          /* --- Web: www.GXWMCU.com -----------------------------------------*/
  10          /* --- QQ:  800003751 ----------------------------------------------*/
  11          /* If you want to use the program or the program referenced in the  */
  12          /* article, please specify in which data and procedures from STC    */
  13          /*------------------------------------------------------------------*/
  14          
  15          
  16          
  17          /*************  本程序功能说明  **************
  18          
  19                                          测试说明
  20          
  21                  本例程是使用STC系列MCU做的模拟串口。
  22                  
  23                  用户根据自己的时钟和波特率自行在config.h里设置后编译下载。
  24                  
  25                  使用串口助手向MCU发送数据，MCU收到后原样返回给PC。
  26                  
  27                  串口接收到一个数据块, 并且串口空闲超过35个位时间(超时)后，标志接收完成.
  28                  
  29                  本例程使用资源: Timer0中断.
  30          
  31          */
  32          
  33          #include "config.h"
  34          
  35          
  36          /*************  本地常量声明    **************/
  37          #define Timer0_Reload   (65536 - MAIN_Fosc / BaudRate / 3)
  38          #define RxLength                32              //接收缓冲长度
  39          
  40          u8 code t_display[]={                                           //标准字库
  41          //       0    1    2    3    4    5    6    7    8    9    A    B    C    D    E    F
  42                  0x3F,0x06,0x5B,0x4F,0x66,0x6D,0x7D,0x07,0x7F,0x6F,0x77,0x7C,0x39,0x5E,0x79,0x71,
  43          //black  -     H    J    K        L        N    o   P    U     t    G    Q    r   M    y
  44                  0x00,0x40,0x76,0x1E,0x70,0x38,0x37,0x5C,0x73,0x3E,0x78,0x3d,0x67,0x50,0x37,0x6e,
  45                  0xBF,0x86,0xDB,0xCF,0xE6,0xED,0xFD,0x87,0xFF,0xEF,0x46};        //0. 1. 2. 3. 4. 5. 6. 7. 8. 9. -1
  46          
  47          unsigned char code T_COM[]={0x01,0x02,0x04,0x08,0x10,0x20,0x40,0x80};           //位码
  48          
  49          
  50          /*************  本地变量声明    **************/
  51          
  52          sbit P_RXB = P3^0;                      //定义模拟串口接收IO
  53          sbit P_TXB = P3^1;                      //定义模拟串口发送IO
  54          
  55          bit  TxBusyFlag;                //正在发送一个字节, 用户设置1开始发送, 发送完毕系统清自动0
C51 COMPILER V9.00   宏晶模_串口                                                          06/19/2019 22:37:33 PAGE 2   

  56          bit     B_Rx_OK;                        //接收完的标志位, 收到数据块系统设置1, 用户处理数据后必须清0
  57          u8      Rx_Cnt;                         //接收到的字节数, 用户处理数据后必须清0
  58          u8  idata RxBuf[RxLength];      //接收缓冲
  59          u8      TxSBUF;                         //发送数据寄存器, 用户写入要发送的数据, 把TxBusyFlag设置为1,系统就会发送出去, 发送完成后系统
             -把TxBusyFlag清0.
  60          
  61          //===== 下面这些为系统使用的常量或变量, 用户不可见，请勿修改 =============
  62          
  63          #define RxBitLenth      9               //8个数据位+1个停止位
  64          #define TxBitLenth      9               //8个数据位+1个停止位
  65          u8  TxShiftReg,RxShiftReg;      //发送 接收 移位
  66          u8  TxSample,RxSample;          //发送和接收检测 采样计数器(3倍速率检测)
  67          u8  TxBitCnt,RxBitCnt;          //发送和接收的数据 位计数器
  68          u8      RxTimeOut;              //接收超时计数
  69          bit     RxStartFlag;                    //正在接收一个字节(已收到起始位)
  70          
  71          //=====================================================================
  72          sbit    P_HC595_SER   = P3^2;   //pin 14        DO-SER          data input
  73          sbit    P_HC595_SRCLK = P3^3;   //pin 11        SRCLK   Shift data clock
  74          sbit    P_HC595_RCLK  = P3^4;   //pin 12        RCLk    store (latch) clock
  75          
  76          u8      LED8[8];                //显示缓冲
  77          u8      display_index;  //显示位索引
  78          u8      cnt_2ms;
  79          
  80          /*************  本地函数声明    **************/
  81          void    TxByte(u8 dat);
  82          void    TxString(u8 *p);
  83          void DisplayScan(void);
  84          
  85          /*************  外部函数和变量声明 *****************/
  86          
  87          
  88          
  89          //========================================================================
  90          // 函数: void UART_INIT(void)
  91          // 描述: UART模块的初始变量.
  92          // 参数: 无.
  93          // 返回: 无.
  94          // 版本: V1.0, 2012-10-22
  95          //========================================================================
  96          void UART_INIT(void)
  97          {
  98   1              TxBusyFlag = 0;
  99   1              RxStartFlag = 0;
 100   1              TxSample = 3;
 101   1              RxSample = 4;
 102   1              RxTimeOut = 0;
 103   1              B_Rx_OK = 0;
 104   1              Rx_Cnt = 0;
 105   1      }
 106          
 107          void  delay_ms(u8 ms)
 108          {
 109   1           unsigned int i;
 110   1           do{
 111   2                i = MAIN_Fosc / 13000;
 112   2                while(--i)    ;
 113   2           }while(--ms);
 114   1      }
 115          
 116          
C51 COMPILER V9.00   宏晶模_串口                                                          06/19/2019 22:37:33 PAGE 3   

 117          //========================================================================
 118          // 函数: void main(void)
 119          // 描述: 主程序.
 120          // 参数: 无.
 121          // 返回: 无.
 122          // 版本: V1.0, 2012-10-22
 123          //========================================================================
 124          void main(void)
 125          {
 126   1              u8      i;
 127   1              u16     j;
 128   1      
 129   1              InternalRAM_enable();
 130   1      
 131   1              Timer0_1T();
 132   1              Timer0_AsTimer();
 133   1              Timer0_16bitAutoReload();
 134   1              Timer0_Load(Timer0_Reload);
 135   1              Timer0_InterruptEnable();
 136   1              PT0 = 1;        //定时器0高优先级中断
 137   1              Timer0_Run();
 138   1              EA = 1;                                         //打开总中断                                    open global interrupt switch
 139   1       
 140   1              for(i=0; i<8; i++)      LED8[i] = i;    //上电消隐
 141   1              //LED8[7] = 0;
 142   1      
 143   1      
 144   1              UART_INIT();                            //UART模块的初始变量
 145   1              TxString("STC15F/L系列MCU模拟串口演示程序\r\n");        //发送一串提示字符
 146   1      
 147   1              
 148   1              while (1)
 149   1              {
 150   2      
 151   2              DisplayScan();
 152   2              delay_ms(255);
 153   2              //TxString(LED8);
 154   2              delay_ms(255);
 155   2              delay_ms(255);
 156   2              delay_ms(255);
 157   2              /*
 158   2                      if (B_Rx_OK)    //接收完的标志位, 收到数据块系统设置1, 用户处理数据后必须清0
 159   2                      {
 160   2                              if(Rx_Cnt >= 3) //确认有数据
 161   2                              {
 162   2                                      for(i=0; i<Rx_Cnt; i++) TxByte(RxBuf[i]);       //把收到的数据原样返回,用于测试
 163   2                              }
 164   2                              if(Rx_Cnt == 2) //确认有数据
 165   2                              {
 166   2                                      j = ((u16)RxBuf[0] << 8) + RxBuf[1];
 167   2                                      LED8[3] = j / 10000;
 168   2                                      LED8[4] = j % 10000 / 1000;
 169   2                                      LED8[5] = j % 1000 / 100;
 170   2                                      LED8[6] = j % 100 / 10;
 171   2                                      LED8[7] = j % 10;
 172   2                                      for(i=3; i<7; i++)
 173   2                                      {
 174   2                                              if(LED8[i] > 0) break;
 175   2                                              LED8[i] = 0x10;
 176   2                                      }
 177   2                              //      for(i=0; i<Rx_Cnt; i++) TxByte(RxBuf[i]);       //把收到的数据原样返回,用于测试
 178   2                              }
C51 COMPILER V9.00   宏晶模_串口                                                          06/19/2019 22:37:33 PAGE 4   

 179   2                              Rx_Cnt  = 0;    //清除字节数
 180   2                              B_Rx_OK = 0;    //清除接收完成标志
 181   2                      }
 182   2                      */
 183   2              }
 184   1      }
*** WARNING C280 IN LINE 127 OF 宏晶模拟串口.C: 'j': unreferenced local variable
 185          
 186          
 187          //========================================================================
 188          // 函数: void   TxByte(u8 dat)
 189          // 描述: 发送一个字节.
 190          // 参数: dat: 要发送的数据.
 191          // 返回: 无.
 192          // 版本: V1.0, 2012-10-22
 193          //========================================================================
 194          void    TxByte(u8 dat)
 195          {
 196   1              TxSBUF = dat;           //要发送的数据写入发送缓冲
 197   1              TxBusyFlag = 1;         //启动发送
 198   1              while(TxBusyFlag);      //等待发送完成
 199   1      }
 200          
 201          //========================================================================
 202          // 函数: void   TxString(u8 *p)
 203          // 描述: 发送一个数据块, 遇到0结束.
 204          // 参数: *p: 数据块的指针.
 205          // 返回: 无.
 206          // 版本: V1.0, 2012-10-22
 207          //========================================================================
 208          void    TxString(u8 *p)
 209          {
 210   1              for( ; *p > 0; p++)     TxByte(*p);
 211   1      }
 212          
 213          
 214          /**********************************************/
 215          void Send_595(unsigned char dat)        //发送一个字节
 216          {               
 217   1              unsigned char   i;
 218   1              for(i=0; i<8; i++)
 219   1              {
 220   2                      dat <<= 1;
 221   2                      P_HC595_SER = CY;
 222   2                      P_HC595_SRCLK = 1;
 223   2                      P_HC595_SRCLK = 0;
 224   2              }
 225   1              TxByte(dat);
 226   1      }
 227          
 228          /**********************************************/
 229          #define         LED_TYPE        0x00            //定义LED类型, 0x00--共阴, 0xff--共阳
 230          
 231          void DisplayScan(void)  //显示扫描函数
 232          {       
 233   1              Send_595((~LED_TYPE) ^ T_COM[display_index]);                   //输出位码
 234   1              Send_595(  LED_TYPE  ^ t_display[LED8[display_index]]); //输出段码
 235   1      
 236   1              P_HC595_RCLK = 1;
 237   1              P_HC595_RCLK = 0;                                                       //锁存输出数据
 238   1              if(++display_index >= 8)        display_index = 0;      //8位结束回0
 239   1      }
C51 COMPILER V9.00   宏晶模_串口                                                          06/19/2019 22:37:33 PAGE 5   

 240          
 241          //========================================================================
 242          // 函数: void tm0(void) interrupt 1
 243          // 描述: 定时器0中断程序, for UART 以波特率3倍的速度采样判断 开始位.
 244          // 参数: 无.
 245          // 返回: 无.
 246          // 版本: V1.0, 2012-10-22
 247          //========================================================================
 248          
 249          void tm0(void) interrupt 1
 250          {
 251   1              //====================== 模拟串口接收程序 ========================================
 252   1              if (RxStartFlag)                        //已接收到起始位
 253   1              {
 254   2                      if (--RxSample == 0)                    //接收数据以定时器的1/3来接收
 255   2                      {
 256   3                              RxSample = 3;               //重置接收计数器  接收数据以定时器的1/3来接收       reset send baudrate counter
 257   3                              if (--RxBitCnt == 0)            //接收完一帧数据
 258   3                              {
 259   4                                      RxStartFlag = 0;        //停止接收                      stop receive
 260   4                                      if(P_RXB && !B_Rx_OK)   //确认停止位正确,并且缓冲已空
 261   4                                      {
 262   5                                              RxBuf[Rx_Cnt] = RxShiftReg;     //存储数据到缓冲区      save the data to RBUF
 263   5                                              if(++Rx_Cnt >= RxLength)        Rx_Cnt = 0;     //溢出判断
 264   5                                              RxTimeOut = 105;                                //超时计数初值, 35个位的时间(对应5个字节), 参考MODBUS协议
 265   5                                      }
 266   4                              }
 267   3                              else
 268   3                              {
 269   4                                      RxShiftReg >>= 1;                         //把接收的单b数据 暂存到 RxShiftReg(接收缓冲)
 270   4                                      if (P_RXB) RxShiftReg |= 0x80;  //shift RX data to RX buffer
 271   4                              }
 272   3                      }
 273   2              }
 274   1      
 275   1              else if (!P_RXB)                //判断是不是开始位 P_RXB=0;
 276   1              {
 277   2                      RxStartFlag = 1;       //如果是则设置开始接收标志位     set start receive flag
 278   2                      RxSample = 4;       //初始化接收波特率计数器            initial receive baudrate counter
 279   2                      RxBitCnt = RxBitLenth;       //初始化接收的数据位数(8个数据位+1个停止位)    initial receive bit number (
             -8 data bits + 1 stop bit)
 280   2              }
 281   1              if(RxTimeOut > 0)       //接收超时处理
 282   1              {
 283   2                      if(--RxTimeOut == 0)    B_Rx_OK = 1;    //标志已收到一帧数据
 284   2              }
 285   1      
 286   1              //====================== 模拟串口发送程序 ========================================
 287   1              if (TxBusyFlag)                 //发送开始标志位   judge whether sending
 288   1              {
 289   2                      if (--TxSample == 0)                    //发送数据以定时器的1/3来发送
 290   2                      {
 291   3                              TxSample = 3;                           //重置发送计数器   reset send baudrate counter
 292   3                              if (TxBitCnt == 0)                      //发送计数器为0 表明单字节发送还没开始
 293   3                              {
 294   4                                      P_TXB = 0;                      //发送开始位                                            send start bit
 295   4                                      TxShiftReg = TxSBUF;            //把缓冲的数据放到发送的buff            load data from TxSBUF to TxShiftReg
 296   4                                      TxBitCnt = TxBitLenth;  //发送数据位数 (8数据位+1停止位)        initial send bit number (8 data bits + 1 stop 
             -bit)
 297   4                              }
 298   3                              else                                    //发送计数器为非0 正在发送数据
 299   3                              {
C51 COMPILER V9.00   宏晶模_串口                                                          06/19/2019 22:37:33 PAGE 6   

 300   4                                      if (--TxBitCnt == 0)    //发送计数器减为0 表明单字节发送结束
 301   4                                      {
 302   5                                              P_TXB = 1;                      //送停止位数据
 303   5                                              TxBusyFlag = 0; //发送停止位                            stop send
 304   5                                      }
 305   4                                      else
 306   4                                      {
 307   5                                              TxShiftReg >>= 1;               //把最低位送到 CY(益处标志位) shift data to CY
 308   5                                              P_TXB = CY;             //发送单b数据                           write CY to TX port
 309   5                                      }
 310   4                              }
 311   3                      }
 312   2              }
 313   1      
 314   1              if(--cnt_2ms == 0)
 315   1              {
 316   2                      cnt_2ms = ((u32)BaudRate * 6 + 500)/1000;
 317   2                      //DisplayScan();
 318   2              }
 319   1      }
 320          


MODULE INFORMATION:   STATIC OVERLAYABLE
   CODE SIZE        =    458    ----
   CONSTANT SIZE    =     85    ----
   XDATA SIZE       =   ----    ----
   PDATA SIZE       =   ----    ----
   DATA SIZE        =     31    ----
   IDATA SIZE       =     32    ----
   BIT SIZE         =      3    ----
END OF MODULE INFORMATION.


C51 COMPILATION COMPLETE.  1 WARNING(S),  0 ERROR(S)
